<?xml version="1.0" encoding="UTF-8"?>
<testsuite name="CalculatorTest" tests="4" skipped="0" failures="0" errors="0" timestamp="2019-10-11T07:52:59" hostname="TheBest" time="17.248">
  <properties/>
  <testcase name="openCalculator" classname="CalculatorTest" time="11.067"/>
  <testcase name="simpleAddition" classname="CalculatorTest" time="2.393"/>
  <testcase name="simpleDivision" classname="CalculatorTest" time="1.999"/>
  <testcase name="someDecimals" classname="CalculatorTest" time="1.783"/>
  <system-out><![CDATA[]]></system-out>
  <system-err><![CDATA[*** Using Chrome ***
Oct 11, 2019 12:52:59 AM com.codeborne.selenide.drivercommands.LazyDriver getAndCheckWebDriver
INFO: No webdriver is bound to current thread: 12 - let's create a new webdriver
SLF4J: Failed to load class "org.slf4j.impl.StaticLoggerBinder".
SLF4J: Defaulting to no-operation (NOP) logger implementation
SLF4J: See http://www.slf4j.org/codes.html#StaticLoggerBinder for further details.
Oct 11, 2019 12:52:59 AM java.util.prefs.WindowsPreferences <init>
WARNING: Could not open/create prefs root node Software\JavaSoft\Prefs at root 0x80000002. Windows RegCreateKeyEx(...) returned error code 5.
Starting ChromeDriver 77.0.3865.40 (f484704e052e0b556f8030b65b953dce96503217-refs/branch-heads/3865@{#442}) on port 32462
Only local connections are allowed.
Please protect ports used by ChromeDriver and related test frameworks to prevent access by malicious code.
[1570780384.141][WARNING]: Timed out connecting to Chrome, retrying...
Oct 11, 2019 12:53:06 AM org.openqa.selenium.remote.ProtocolHandshake createSession
INFO: Detected dialect: W3C
Oct 11, 2019 12:53:06 AM com.codeborne.selenide.webdriver.BrowserResizer adjustBrowserSize
INFO: Set browser size to 1366x768
[1570780388.235][WARNING]: Timed out connecting to Chrome, retrying...
Oct 11, 2019 12:53:10 AM com.codeborne.selenide.webdriver.WebDriverFactory logBrowserVersion
INFO: BrowserName=chrome Version=77.0.3865.90 Platform=XP
Oct 11, 2019 12:53:10 AM com.codeborne.selenide.webdriver.WebDriverFactory createWebDriver
INFO: Selenide v. 5.3.1
Oct 11, 2019 12:53:10 AM com.codeborne.selenide.webdriver.WebDriverFactory logSeleniumInfo
INFO: Selenium WebDriver v. 3.141.59 build time: 2018-11-14T08:17:03
Oct 11, 2019 12:53:10 AM com.codeborne.selenide.drivercommands.CreateDriverCommand createDriver
INFO: Create webdriver in current thread 12: ChromeDriver -> ChromeDriver: chrome on XP (ac3ee8a03bca1b944b628d3b2e17bf06)
]]></system-err>
</testsuite>
